0 info it worked if it ends with ok
1 verbose cli [ '/usr/bin/node', '/usr/bin/npm', 'start' ]
2 info using npm@3.5.2
3 info using node@v8.10.0
4 verbose run-script [ 'prestart', 'start', 'poststart' ]
5 info lifecycle CS180-COVID19-DATA@0.0.1~prestart: CS180-COVID19-DATA@0.0.1
6 silly lifecycle CS180-COVID19-DATA@0.0.1~prestart: no script for prestart, continuing
7 info lifecycle CS180-COVID19-DATA@0.0.1~start: CS180-COVID19-DATA@0.0.1
8 verbose lifecycle CS180-COVID19-DATA@0.0.1~start: unsafe-perm in lifecycle true
9 verbose lifecycle CS180-COVID19-DATA@0.0.1~start: PATH: /usr/share/npm/bin/node-gyp-bin:/home/szhan135/CS180Project/src/node_modules/.bin:/usr/local/sbin:/usr/local/bin:/usr/sbin:/usr/bin:/sbin:/bin:/usr/games:/usr/local/games:/mnt/c/Program Files/WindowsApps/CanonicalGroupLimited.Ubuntu18.04onWindows_2020.1804.7.0_x64__79rhkp1fndgsc:/mnt/c/Program Files (x86)/Common Files/Intel/Shared Libraries/redist/intel64/compiler:/mnt/c/WINDOWS/system32:/mnt/c/WINDOWS:/mnt/c/WINDOWS/System32/Wbem:/mnt/c/WINDOWS/System32/WindowsPowerShell/v1.0/:/mnt/c/Program Files/dotnet/:/mnt/c/WINDOWS/System32/OpenSSH/:/mnt/c/Users/Suesy/nvm:/mnt/c/Program Files/nodejs:/mnt/c/Program Files/nodejs:/mnt/c/Program Files/Git/cmd:/mnt/c/Program Files (x86)/PuTTY/:/mnt/c/Program Files/nodejs/:/mnt/c/Users/Suesy/AppData/Local/Microsoft/WindowsApps:/mnt/c/Users/何韬/AppData/Local/Programs/Microsoft VS Code/bin:/mnt/c/Users/何韬/AppData/Roaming/npm:/snap/bin
10 verbose lifecycle CS180-COVID19-DATA@0.0.1~start: CWD: /home/szhan135/CS180Project/src
11 silly lifecycle CS180-COVID19-DATA@0.0.1~start: Args: [ '-c', 'concurrently - k "npm run server" "npm run client"' ]
12 silly lifecycle CS180-COVID19-DATA@0.0.1~start: Returned: code: 1  signal: null
13 info lifecycle CS180-COVID19-DATA@0.0.1~start: Failed to exec start script
14 verbose stack Error: CS180-COVID19-DATA@0.0.1 start: `concurrently - k "npm run server" "npm run client"`
14 verbose stack Exit status 1
14 verbose stack     at EventEmitter.<anonymous> (/usr/share/npm/lib/utils/lifecycle.js:232:16)
14 verbose stack     at emitTwo (events.js:126:13)
14 verbose stack     at EventEmitter.emit (events.js:214:7)
14 verbose stack     at ChildProcess.<anonymous> (/usr/share/npm/lib/utils/spawn.js:24:14)
14 verbose stack     at emitTwo (events.js:126:13)
14 verbose stack     at ChildProcess.emit (events.js:214:7)
14 verbose stack     at maybeClose (internal/child_process.js:925:16)
14 verbose stack     at Process.ChildProcess._handle.onexit (internal/child_process.js:209:5)
15 verbose pkgid CS180-COVID19-DATA@0.0.1
16 verbose cwd /home/szhan135/CS180Project/src
17 error Linux 4.4.0-18362-Microsoft
18 error argv "/usr/bin/node" "/usr/bin/npm" "start"
19 error node v8.10.0
20 error npm  v3.5.2
21 error code ELIFECYCLE
22 error CS180-COVID19-DATA@0.0.1 start: `concurrently - k "npm run server" "npm run client"`
22 error Exit status 1
23 error Failed at the CS180-COVID19-DATA@0.0.1 start script 'concurrently - k "npm run server" "npm run client"'.
23 error Make sure you have the latest version of node.js and npm installed.
23 error If you do, this is most likely a problem with the CS180-COVID19-DATA package,
23 error not with npm itself.
23 error Tell the author that this fails on your system:
23 error     concurrently - k "npm run server" "npm run client"
23 error You can get information on how to open an issue for this project with:
23 error     npm bugs CS180-COVID19-DATA
23 error Or if that isn't available, you can get their info via:
23 error     npm owner ls CS180-COVID19-DATA
23 error There is likely additional logging output above.
24 verbose exit [ 1, true ]
